Line 16: Class MSComDlg.CommonDialog of control CommonDialog1 was not a loaded control class.
Line 32: Class TrueDBGrid80.TDBGrid of control TDBGrid1 was not a loaded control class.
Line 241: Class BoWSmartUI.SmartUI of control smartPopUp was not a loaded control class.
Line 252: Class BoWSmartUI.SmartUI of control smartStatus was not a loaded control class.
Line 264: Class BoWSmartUI.SmartUI of control smartToolBar was not a loaded control class.
Line 19: The property name _ExtentX in CommonDialog1 is invalid.
Line 20: The property name _ExtentY in CommonDialog1 is invalid.
Line 21: The property name _Version in CommonDialog1 is invalid.
Line 22: The property name DefaultExt in CommonDialog1 is invalid.
Line 38: The property name _ExtentX in TDBGrid1 is invalid.
Line 39: The property name _ExtentY in TDBGrid1 is invalid.
Line 40: The property name _LayoutType in TDBGrid1 is invalid.
Line 41: The property name _RowHeight in TDBGrid1 is invalid.
Line 42: The property name _WasPersistedAsPixels in TDBGrid1 is invalid.
Line 43: The property name Columns(0)._VlistStyle in TDBGrid1 is invalid.
Line 44: The property name Columns(0)._MaxComboItems in TDBGrid1 is invalid.
Line 45: The property name Columns(0).Caption in TDBGrid1 is invalid.
Line 46: The property name Columns(0).DataField in TDBGrid1 is invalid.
Line 47: The property name Columns(0)._PropDict in TDBGrid1 is invalid.
Line 48: The property name Columns(1)._VlistStyle in TDBGrid1 is invalid.
Line 49: The property name Columns(1)._MaxComboItems in TDBGrid1 is invalid.
Line 50: The property name Columns(1).Caption in TDBGrid1 is invalid.
Line 51: The property name Columns(1).DataField in TDBGrid1 is invalid.
Line 52: The property name Columns(1)._PropDict in TDBGrid1 is invalid.
Line 53: The property name Columns(2)._VlistStyle in TDBGrid1 is invalid.
Line 54: The property name Columns(2)._MaxComboItems in TDBGrid1 is invalid.
Line 55: The property name Columns(2).Caption in TDBGrid1 is invalid.
Line 56: The property name Columns(2).DataField in TDBGrid1 is invalid.
Line 57: The property name Columns(2)._PropDict in TDBGrid1 is invalid.
Line 58: The property name Columns(3)._VlistStyle in TDBGrid1 is invalid.
Line 59: The property name Columns(3)._MaxComboItems in TDBGrid1 is invalid.
Line 60: The property name Columns(3).Caption in TDBGrid1 is invalid.
Line 61: The property name Columns(3).DataField in TDBGrid1 is invalid.
Line 62: The property name Columns(3)._PropDict in TDBGrid1 is invalid.
Line 63: The property name Columns(4)._VlistStyle in TDBGrid1 is invalid.
Line 64: The property name Columns(4)._MaxComboItems in TDBGrid1 is invalid.
Line 65: The property name Columns(4).Caption in TDBGrid1 is invalid.
Line 66: The property name Columns(4).DataField in TDBGrid1 is invalid.
Line 67: The property name Columns(4)._PropDict in TDBGrid1 is invalid.
Line 68: The property name Columns(5)._VlistStyle in TDBGrid1 is invalid.
Line 69: The property name Columns(5)._MaxComboItems in TDBGrid1 is invalid.
Line 70: The property name Columns(5).Caption in TDBGrid1 is invalid.
Line 71: The property name Columns(5).DataField in TDBGrid1 is invalid.
Line 72: The property name Columns(5)._PropDict in TDBGrid1 is invalid.
Line 73: The property name Columns(6)._VlistStyle in TDBGrid1 is invalid.
Line 74: The property name Columns(6)._MaxComboItems in TDBGrid1 is invalid.
Line 75: The property name Columns(6).Caption in TDBGrid1 is invalid.
Line 76: The property name Columns(6).DataField in TDBGrid1 is invalid.
Line 77: The property name Columns(6)._PropDict in TDBGrid1 is invalid.
Line 78: The property name Columns(7)._VlistStyle in TDBGrid1 is invalid.
Line 79: The property name Columns(7)._MaxComboItems in TDBGrid1 is invalid.
Line 80: The property name Columns(7).Caption in TDBGrid1 is invalid.
Line 81: The property name Columns(7).DataField in TDBGrid1 is invalid.
Line 82: The property name Columns(7).NumberFormat in TDBGrid1 is invalid.
Line 83: The property name Columns(7)._PropDict in TDBGrid1 is invalid.
Line 84: The property name Columns.Count in TDBGrid1 is invalid.
Line 85: The property name Splits(0)._UserFlags in TDBGrid1 is invalid.
Line 86: The property name Splits(0).RecordSelectorWidth in TDBGrid1 is invalid.
Line 87: The property name Splits(0).DividerColor in TDBGrid1 is invalid.
Line 88: The property name Splits(0).SpringMode in TDBGrid1 is invalid.
Line 89: The property name Splits(0)._PropDict in TDBGrid1 is invalid.
Line 90: The property name Splits(0)._ColumnProps(0) in TDBGrid1 is invalid.
Line 91: The property name Splits(0)._ColumnProps(1) in TDBGrid1 is invalid.
Line 92: The property name Splits(0)._ColumnProps(2) in TDBGrid1 is invalid.
Line 93: The property name Splits(0)._ColumnProps(3) in TDBGrid1 is invalid.
Line 94: The property name Splits(0)._ColumnProps(4) in TDBGrid1 is invalid.
Line 95: The property name Splits(0)._ColumnProps(5) in TDBGrid1 is invalid.
Line 96: The property name Splits(0)._ColumnProps(6) in TDBGrid1 is invalid.
Line 97: The property name Splits(0)._ColumnProps(7) in TDBGrid1 is invalid.
Line 98: The property name Splits(0)._ColumnProps(8) in TDBGrid1 is invalid.
Line 99: The property name Splits(0)._ColumnProps(9) in TDBGrid1 is invalid.
Line 100: The property name Splits(0)._ColumnProps(10) in TDBGrid1 is invalid.
Line 101: The property name Splits(0)._ColumnProps(11) in TDBGrid1 is invalid.
Line 102: The property name Splits(0)._ColumnProps(12) in TDBGrid1 is invalid.
Line 103: The property name Splits(0)._ColumnProps(13) in TDBGrid1 is invalid.
Line 104: The property name Splits(0)._ColumnProps(14) in TDBGrid1 is invalid.
Line 105: The property name Splits(0)._ColumnProps(15) in TDBGrid1 is invalid.
Line 106: The property name Splits(0)._ColumnProps(16) in TDBGrid1 is invalid.
Line 107: The property name Splits(0)._ColumnProps(17) in TDBGrid1 is invalid.
Line 108: The property name Splits(0)._ColumnProps(18) in TDBGrid1 is invalid.
Line 109: The property name Splits(0)._ColumnProps(19) in TDBGrid1 is invalid.
Line 110: The property name Splits(0)._ColumnProps(20) in TDBGrid1 is invalid.
Line 111: The property name Splits(0)._ColumnProps(21) in TDBGrid1 is invalid.
Line 112: The property name Splits(0)._ColumnProps(22) in TDBGrid1 is invalid.
Line 113: The property name Splits(0)._ColumnProps(23) in TDBGrid1 is invalid.
Line 114: The property name Splits(0)._ColumnProps(24) in TDBGrid1 is invalid.
Line 115: The property name Splits(0)._ColumnProps(25) in TDBGrid1 is invalid.
Line 116: The property name Splits(0)._ColumnProps(26) in TDBGrid1 is invalid.
Line 117: The property name Splits(0)._ColumnProps(27) in TDBGrid1 is invalid.
Line 118: The property name Splits(0)._ColumnProps(28) in TDBGrid1 is invalid.
Line 119: The property name Splits(0)._ColumnProps(29) in TDBGrid1 is invalid.
Line 120: The property name Splits(0)._ColumnProps(30) in TDBGrid1 is invalid.
Line 121: The property name Splits(0)._ColumnProps(31) in TDBGrid1 is invalid.
Line 122: The property name Splits(0)._ColumnProps(32) in TDBGrid1 is invalid.
Line 123: The property name Splits(0)._ColumnProps(33) in TDBGrid1 is invalid.
Line 124: The property name Splits(0)._ColumnProps(34) in TDBGrid1 is invalid.
Line 125: The property name Splits(0)._ColumnProps(35) in TDBGrid1 is invalid.
Line 126: The property name Splits(0)._ColumnProps(36) in TDBGrid1 is invalid.
Line 127: The property name Splits(0)._ColumnProps(37) in TDBGrid1 is invalid.
Line 128: The property name Splits(0)._ColumnProps(38) in TDBGrid1 is invalid.
Line 129: The property name Splits(0)._ColumnProps(39) in TDBGrid1 is invalid.
Line 130: The property name Splits(0)._ColumnProps(40) in TDBGrid1 is invalid.
Line 131: The property name Splits(0)._ColumnProps(41) in TDBGrid1 is invalid.
Line 132: The property name Splits.Count in TDBGrid1 is invalid.
Line 133: The property name PrintInfos(0)._StateFlags in TDBGrid1 is invalid.
Line 134: The property name PrintInfos(0).Name in TDBGrid1 is invalid.
Line 135: The property name PrintInfos(0).PageHeaderFont in TDBGrid1 is invalid.
Line 136: The property name PrintInfos(0).PageFooterFont in TDBGrid1 is invalid.
Line 137: The property name PrintInfos(0).PageHeaderHeight in TDBGrid1 is invalid.
Line 138: The property name PrintInfos(0).PageFooterHeight in TDBGrid1 is invalid.
Line 139: The property name PrintInfos.Count in TDBGrid1 is invalid.
Line 140: The property name AllowUpdate in TDBGrid1 is invalid.
Line 141: The property name ColumnFooters in TDBGrid1 is invalid.
Line 142: The property name DataMode in TDBGrid1 is invalid.
Line 143: The property name DefColWidth in TDBGrid1 is invalid.
Line 144: The property name HeadLines in TDBGrid1 is invalid.
Line 145: The property name FootLines in TDBGrid1 is invalid.
Line 146: The property name MultipleLines in TDBGrid1 is invalid.
Line 147: The property name CellTipsWidth in TDBGrid1 is invalid.
Line 148: The property name DeadAreaBackColor in TDBGrid1 is invalid.
Line 149: The property name RowDividerColor in TDBGrid1 is invalid.
Line 150: The property name RowSubDividerColor in TDBGrid1 is invalid.
Line 151: The property name DirectionAfterEnter in TDBGrid1 is invalid.
Line 152: The property name DirectionAfterTab in TDBGrid1 is invalid.
Line 153: The property name MaxRows in TDBGrid1 is invalid.
Line 154: The property name _PropDict in TDBGrid1 is invalid.
Line 155: The property name _StyleDefs(0) in TDBGrid1 is invalid.
Line 156: The property name _StyleDefs(1) in TDBGrid1 is invalid.
Line 157: The property name _StyleDefs(2) in TDBGrid1 is invalid.
Line 158: The property name _StyleDefs(3) in TDBGrid1 is invalid.
Line 159: The property name _StyleDefs(4) in TDBGrid1 is invalid.
Line 160: The property name _StyleDefs(5) in TDBGrid1 is invalid.
Line 161: The property name _StyleDefs(6) in TDBGrid1 is invalid.
Line 162: The property name _StyleDefs(7) in TDBGrid1 is invalid.
Line 163: The property name _StyleDefs(8) in TDBGrid1 is invalid.
Line 164: The property name _StyleDefs(9) in TDBGrid1 is invalid.
Line 165: The property name _StyleDefs(10) in TDBGrid1 is invalid.
Line 166: The property name _StyleDefs(11) in TDBGrid1 is invalid.
Line 167: The property name _StyleDefs(12) in TDBGrid1 is invalid.
Line 168: The property name _StyleDefs(13) in TDBGrid1 is invalid.
Line 169: The property name _StyleDefs(14) in TDBGrid1 is invalid.
Line 170: The property name _StyleDefs(15) in TDBGrid1 is invalid.
Line 171: The property name _StyleDefs(16) in TDBGrid1 is invalid.
Line 172: The property name _StyleDefs(17) in TDBGrid1 is invalid.
Line 173: The property name _StyleDefs(18) in TDBGrid1 is invalid.
Line 174: The property name _StyleDefs(19) in TDBGrid1 is invalid.
Line 175: The property name _StyleDefs(20) in TDBGrid1 is invalid.
Line 176: The property name _StyleDefs(21) in TDBGrid1 is invalid.
Line 177: The property name _StyleDefs(22) in TDBGrid1 is invalid.
Line 178: The property name _StyleDefs(23) in TDBGrid1 is invalid.
Line 179: The property name _StyleDefs(24) in TDBGrid1 is invalid.
Line 180: The property name _StyleDefs(25) in TDBGrid1 is invalid.
Line 181: The property name _StyleDefs(26) in TDBGrid1 is invalid.
Line 182: The property name _StyleDefs(27) in TDBGrid1 is invalid.
Line 183: The property name _StyleDefs(28) in TDBGrid1 is invalid.
Line 184: The property name _StyleDefs(29) in TDBGrid1 is invalid.
Line 185: The property name _StyleDefs(30) in TDBGrid1 is invalid.
Line 186: The property name _StyleDefs(31) in TDBGrid1 is invalid.
Line 187: The property name _StyleDefs(32) in TDBGrid1 is invalid.
Line 188: The property name _StyleDefs(33) in TDBGrid1 is invalid.
Line 189: The property name _StyleDefs(34) in TDBGrid1 is invalid.
Line 190: The property name _StyleDefs(35) in TDBGrid1 is invalid.
Line 191: The property name _StyleDefs(36) in TDBGrid1 is invalid.
Line 192: The property name _StyleDefs(37) in TDBGrid1 is invalid.
Line 193: The property name _StyleDefs(38) in TDBGrid1 is invalid.
Line 194: The property name _StyleDefs(39) in TDBGrid1 is invalid.
Line 195: The property name _StyleDefs(40) in TDBGrid1 is invalid.
Line 196: The property name _StyleDefs(41) in TDBGrid1 is invalid.
Line 197: The property name _StyleDefs(42) in TDBGrid1 is invalid.
Line 198: The property name _StyleDefs(43) in TDBGrid1 is invalid.
Line 199: The property name _StyleDefs(44) in TDBGrid1 is invalid.
Line 200: The property name _StyleDefs(45) in TDBGrid1 is invalid.
Line 201: The property name _StyleDefs(46) in TDBGrid1 is invalid.
Line 202: The property name _StyleDefs(47) in TDBGrid1 is invalid.
Line 203: The property name _StyleDefs(48) in TDBGrid1 is invalid.
Line 204: The property name _StyleDefs(49) in TDBGrid1 is invalid.
Line 205: The property name _StyleDefs(50) in TDBGrid1 is invalid.
Line 206: The property name _StyleDefs(51) in TDBGrid1 is invalid.
Line 207: The property name _StyleDefs(52) in TDBGrid1 is invalid.
Line 208: The property name _StyleDefs(53) in TDBGrid1 is invalid.
Line 209: The property name _StyleDefs(54) in TDBGrid1 is invalid.
Line 210: The property name _StyleDefs(55) in TDBGrid1 is invalid.
Line 211: The property name _StyleDefs(56) in TDBGrid1 is invalid.
Line 212: The property name _StyleDefs(57) in TDBGrid1 is invalid.
Line 213: The property name _StyleDefs(58) in TDBGrid1 is invalid.
Line 214: The property name _StyleDefs(59) in TDBGrid1 is invalid.
Line 215: The property name _StyleDefs(60) in TDBGrid1 is invalid.
Line 216: The property name _StyleDefs(61) in TDBGrid1 is invalid.
Line 217: The property name _StyleDefs(62) in TDBGrid1 is invalid.
Line 218: The property name _StyleDefs(63) in TDBGrid1 is invalid.
Line 219: The property name _StyleDefs(64) in TDBGrid1 is invalid.
Line 220: The property name _StyleDefs(65) in TDBGrid1 is invalid.
Line 221: The property name _StyleDefs(66) in TDBGrid1 is invalid.
Line 222: The property name _StyleDefs(67) in TDBGrid1 is invalid.
Line 223: The property name _StyleDefs(68) in TDBGrid1 is invalid.
Line 224: The property name _StyleDefs(69) in TDBGrid1 is invalid.
Line 225: The property name _StyleDefs(70) in TDBGrid1 is invalid.
Line 226: The property name _StyleDefs(71) in TDBGrid1 is invalid.
Line 227: The property name _StyleDefs(72) in TDBGrid1 is invalid.
Line 228: The property name _StyleDefs(73) in TDBGrid1 is invalid.
Line 229: The property name _StyleDefs(74) in TDBGrid1 is invalid.
Line 230: The property name _StyleDefs(75) in TDBGrid1 is invalid.
Line 231: The property name _StyleDefs(76) in TDBGrid1 is invalid.
Line 232: The property name _StyleDefs(77) in TDBGrid1 is invalid.
Line 233: The property name _StyleDefs(78) in TDBGrid1 is invalid.
Line 234: The property name _StyleDefs(79) in TDBGrid1 is invalid.
Line 235: The property name _StyleDefs(80) in TDBGrid1 is invalid.
Line 236: The property name _StyleDefs(81) in TDBGrid1 is invalid.
Line 237: The property name _StyleDefs(82) in TDBGrid1 is invalid.
Line 238: The property name _StyleDefs(83) in TDBGrid1 is invalid.
Line 239: The property name _StyleDefs(84) in TDBGrid1 is invalid.
Line 248: The property name _ExtentX in smartPopUp is invalid.
Line 249: The property name _ExtentY in smartPopUp is invalid.
Line 250: The property name Template in smartPopUp is invalid.
Line 260: The property name _ExtentX in smartStatus is invalid.
Line 261: The property name _ExtentY in smartStatus is invalid.
Line 262: The property name Template in smartStatus is invalid.
Line 272: The property name _ExtentX in smartToolBar is invalid.
Line 273: The property name _ExtentY in smartToolBar is invalid.
Line 274: The property name Template in smartToolBar is invalid.
